<?xml version="1.0" encoding="UTF-8"?>
<!-- Generated by org.testng.reporters.JUnitReportReporter -->
<testsuite hostname="yuanshirong-PC" name="com.test.suite.TestDemo" tests="1" failures="0" timestamp="17 Jan 2022 08:19:44 GMT" time="0.254" errors="0">
  <testcase name="test1" time="0.254" classname="com.test.suite.TestDemo"/>
</testsuite> <!-- com.test.suite.TestDemo -->
